


ARM Macro Assembler    Page 1 


    1 00000000                 AREA             text, CODE, READONLY
    2 00000000                 EXPORT           viterbi
    3 00000000         viterbi
    4 00000000 F04F 0119       MOV              R1, #25
    5 00000004 4770            BX               LR
    6 00000006                 END
Command Line: --debug --xref --diag_suppress=9931 --cpu=Cortex-M4.fp --apcs=int
erwork --depend=.\object\example1.d -o.\object\example1.o -I"E:\McGill5\ECSE426
\Lab 1\RTE" -I"E:\McGill5\ECSE426\Lab 1\RTE\Device\STM32F407VG" -IC:\Keil_v5\AR
M\PACK\ARM\CMSIS\4.4.0\CMSIS\Include -IC:\Keil_v5\ARM\PACK\Keil\STM32F4xx_DFP\1
.0.8\Device\Include --predefine="__EVAL SETA 1" --predefine="__MICROLIB SETA 1"
 --predefine="__UVISION_VERSION SETA 516" --predefine="_RTE_ SETA 1" --predefin
e="STM32F40_41xxx SETA 1" --list=.\listings\example1.lst example1.s



ARM Macro Assembler    Page 1 Alphabetic symbol ordering
Relocatable symbols

text 00000000

Symbol: text
   Definitions
      At line 1 in file example1.s
   Uses
      None
Comment: text unused
viterbi 00000000

Symbol: viterbi
   Definitions
      At line 3 in file example1.s
   Uses
      At line 2 in file example1.s
Comment: viterbi used once
2 symbols
338 symbols in table
