


ARM Macro Assembler    Page 1 


    1 00000000                 AREA             text, CODE, READONLY
    2 00000000                 EXPORT           viterbi_testbed
    3 00000000                 IMPORT           input
    4 00000000                 IMPORT           output
    5 00000000                 IMPORT           s
    6 00000000                 IMPORT           v
    7 00000000                 IMPORT           transition
    8 00000000                 IMPORT           emission
    9 00000000                 IMPORT           prior
   10 00000000                 IMPORT           observation
   11 00000000                 IMPORT           ViterbiUpdate_asm
   12 00000000         ; INPUT parameters
   13 00000000         ; R0: Pointer to the vitpsi[:,t-1] vector
   14 00000000         ; R1: Pointer to the vitspi[:,t] vector for output
   15 00000000         ; R2: The observation
   16 00000000         ; R3: Pointer to the hmm variable (struct)
   17 00000000         ; hmm
   18 00000000         ;float a[] = {0.75,0.25,0.32,0.68};
   19 00000000         ;hmm.transition = a;
   20 00000000         
   21 00000000         ;float b[] = {0.8,0.1,0.1,0.1,0.2,0.7};
   22 00000000         ;hmm.emission = b;
   23 00000000         
   24 00000000         ;float c[] = {0.5,0.5};
   25 00000000         ;hmm.prior = c;
   26 00000000         
   27 00000000         ;int observation[] = {0,1,2,0,1,2};
   28 00000000         
   29 00000000         ; int S, int V, float * transition, float * emission, fl
                       oat * prior
   30 00000000         ; update(inputarray, outputarray, hmm* , observation)
   31 00000000         
   32 00000000         viterbi
   33 00000000         ;When this is called, R0=*inputarray, R1=*outputarray, R
                       2=hmm* and R3=observation[0]
   34 00000000 F240 1A01       MOV              R10, #0x0101
   35 00000004 4770            BX               LR
   36 00000006         
   37 00000006         
   38 00000006         viterbi_testbed
   39 00000006         ;Load s into memory
   40 00000006 F04F 0002       MOV              R0, #2
   41 0000000A 491D            LDR              R1, =s
   42 0000000C 6008            STR              R0, [R1]
   43 0000000E         ;Load v into memory
   44 0000000E F04F 0003       MOV              R0, #3
   45 00000012 491C            LDR              R1, =v
   46 00000014 6008            STR              R0, [R1]
   47 00000016         
   48 00000016         ; Load constants into fp regs for transition matrix
   49 00000016 EEB6 0A08       VLDR.F32         S0, =0.75   ;psuedo instruction
                                                             for some reason ca
                                                            n use VMOV.F32 with
                                                             all immediate valu
                                                            es, some dont work
   50 0000001A EEF5 0A00       VLDR.F32         S1, =0.25
   51 0000001E ED9F 1A1A       VLDR.F32         S2, =0.32
   52 00000022 EDDF 1A1A       VLDR.F32         S3, =0.68
   53 00000026 481A            LDR              R0, =transition ;load address o



ARM Macro Assembler    Page 2 


                                                            f transition matrix
                                                             array
   54 00000028 EC80 0A04       VSTM             R0, {S0-S3}
   55 0000002C         
   56 0000002C         ; Load constants into fp regs for emission matrix, shoul
                       d be a way to do this in a single instruction?
   57 0000002C ED9F 0A19       VLDR.F32         S0, =0.8
   58 00000030 EDDF 0A19       VLDR.F32         S1, =0.1
   59 00000034 ED9F 1A18       VLDR.F32         S2, =0.1
   60 00000038 EDDF 1A17       VLDR.F32         S3, =0.1
   61 0000003C ED9F 2A17       VLDR.F32         S4, =0.2
   62 00000040 EDDF 2A17       VLDR.F32         S5, =0.7
   63 00000044 4817            LDR              R0, =emission ;load address of 
                                                            transition matrix a
                                                            rray
   64 00000046 EC80 0A06       VSTM             R0, {S0-S5}
   65 0000004A         
   66 0000004A         ; Load prior into memory
   67 0000004A EEB6 0A00       VLDR.F32         S0, =0.5
   68 0000004E EEF6 0A00       VLDR.F32         S1, =0.5
   69 00000052 4815            LDR              R0,=prior
   70 00000054 EC80 0A02       VSTM             R0, {S0-S1}
   71 00000058         
   72 00000058         ;Load observation into memory
   73 00000058 F04F 0000       MOV              R0, #0
   74 0000005C F04F 0101       MOV              R1, #1
   75 00000060 F04F 0202       MOV              R2, #2
   76 00000064 4B11            LDR              R3, =observation
   77 00000066 4C12            LDR              R4, =observation+12
   78 00000068 E883 0007       STM              R3, {R0-R2}
   79 0000006C E884 0007       STM              R4, {R0-R2}
   80 00000070         
   81 00000070         ;hmm struct is at =s
   82 00000070         ;input array is at =input
   83 00000070         ;ouput array is at =output
   84 00000070         ;observations are at =observations 
   85 00000070 4810            LDR              R0, =input  ; pointer to input 
                                                            array
   86 00000072 4911            LDR              R1, =output ; pointer to output
                                                             array
   87 00000074 4C0D            LDR              R4, =observation
   88 00000076 6822            LDR              R2, [R4]    ; observation value
                                                            
   89 00000078 4B01            LDR              R3, =s      ; pointer to hmm st
                                                            ruct
   90 0000007A F7FF FFFE       BL               ViterbiUpdate_asm
   91 0000007E         
   92 0000007E         
   93 0000007E                 END
              00 00 00000000 
              00000000 
              3EA3D70A 
              3F2E147B 
              00000000 
              3F4CCCCD 
              3DCCCCCD 
              3E4CCCCD 
              3F333333 
              00000000 



ARM Macro Assembler    Page 3 


              00000000 
              00000000 
              0000000C 
              00000000 
              00000000 
Command Line: --debug --xref --diag_suppress=9931 --cpu=Cortex-M4.fp --apcs=int
erwork --depend=.\object\viterbi.d -o.\object\viterbi.o -I"E:\McGill5\ECSE426\L
ab 1\RTE" -I"E:\McGill5\ECSE426\Lab 1\RTE\Device\STM32F407VG" -IC:\Keil_v5\ARM\
PACK\ARM\CMSIS\4.4.0\CMSIS\Include -IC:\Keil_v5\ARM\PACK\Keil\STM32F4xx_DFP\1.0
.8\Device\Include --predefine="__EVAL SETA 1" --predefine="__MICROLIB SETA 1" -
-predefine="__UVISION_VERSION SETA 516" --predefine="_RTE_ SETA 1" --predefine=
"STM32F40_41xxx SETA 1" --list=.\listings\viterbi.lst viterbi.s



ARM Macro Assembler    Page 1 Alphabetic symbol ordering
Relocatable symbols

text 00000000

Symbol: text
   Definitions
      At line 1 in file viterbi.s
   Uses
      None
Comment: text unused
viterbi 00000000

Symbol: viterbi
   Definitions
      At line 32 in file viterbi.s
   Uses
      None
Comment: viterbi unused
viterbi_testbed 00000006

Symbol: viterbi_testbed
   Definitions
      At line 38 in file viterbi.s
   Uses
      At line 2 in file viterbi.s
Comment: viterbi_testbed used once
3 symbols



ARM Macro Assembler    Page 1 Alphabetic symbol ordering
External symbols

ViterbiUpdate_asm 00000000

Symbol: ViterbiUpdate_asm
   Definitions
      At line 11 in file viterbi.s
   Uses
      At line 90 in file viterbi.s
Comment: ViterbiUpdate_asm used once
emission 00000000

Symbol: emission
   Definitions
      At line 8 in file viterbi.s
   Uses
      At line 63 in file viterbi.s
Comment: emission used once
input 00000000

Symbol: input
   Definitions
      At line 3 in file viterbi.s
   Uses
      At line 85 in file viterbi.s
Comment: input used once
observation 00000000

Symbol: observation
   Definitions
      At line 10 in file viterbi.s
   Uses
      At line 76 in file viterbi.s
      At line 77 in file viterbi.s
      At line 87 in file viterbi.s

output 00000000

Symbol: output
   Definitions
      At line 4 in file viterbi.s
   Uses
      At line 86 in file viterbi.s
Comment: output used once
prior 00000000

Symbol: prior
   Definitions
      At line 9 in file viterbi.s
   Uses
      At line 69 in file viterbi.s
Comment: prior used once
s 00000000

Symbol: s
   Definitions
      At line 5 in file viterbi.s
   Uses
      At line 41 in file viterbi.s
      At line 89 in file viterbi.s




ARM Macro Assembler    Page 2 Alphabetic symbol ordering
External symbols

transition 00000000

Symbol: transition
   Definitions
      At line 7 in file viterbi.s
   Uses
      At line 53 in file viterbi.s
Comment: transition used once
v 00000000

Symbol: v
   Definitions
      At line 6 in file viterbi.s
   Uses
      At line 45 in file viterbi.s
Comment: v used once
9 symbols
350 symbols in table
